{"level":"debug","time":1736261973,"message":"HTTP GET request: \"/api/events\""}
{"level":"error","time":1736261977,"message":"error while reading data for event with id 1: Error 1241 (21000): Operand should contain 1 column(s)"}
{"level":"debug","time":1736262010,"message":"HTTP GET request: \"/api/events\""}
{"level":"debug","time":1736262031,"message":"HTTP GET request: \"/api/events\""}
{"level":"debug","time":1736263786,"message":"HTTP GET request: \"/api/events\""}
{"level":"error","time":1736263809,"message":"error while populating event with id = 1: Error 1054 (42S22): Unknown column 'USER_ASSIGNMENTS.userID' in 'ON'"}
{"level":"debug","time":1736263844,"message":"HTTP GET request: \"/api/events\""}
{"level":"error","time":1736263850,"message":"error while populating event with id = 1: Error 1054 (42S22): Unknown column 'USERS.id' in 'ON'"}
{"level":"debug","time":1736263865,"message":"HTTP GET request: \"/api/events\""}
{"level":"error","time":1736263865,"message":"error while populating event with id = 1: missing destination name eventID in *[]assignments.assignemntDB"}
{"level":"debug","time":1736263897,"message":"HTTP GET request: \"/api/events\""}
{"level":"error","time":1736263911,"message":"error while populating event with id = 1: missing destination name eventID in *[]assignments.assignemntDB"}
{"level":"debug","time":1736263915,"message":"HTTP GET request: \"/api/events\""}
{"level":"debug","time":1736263949,"message":"HTTP GET request: \"/api/events\""}
{"level":"debug","time":1736264022,"message":"HTTP GET request: \"/api/events\""}
{"level":"debug","time":1736264029,"message":"HTTP GET request: \"/api/events\""}
{"level":"debug","time":1736264046,"message":"HTTP GET request: \"/api/events\""}
{"level":"debug","time":1736264049,"message":"HTTP GET request: \"/api/events\""}
{"level":"debug","time":1736264080,"message":"HTTP GET request: \"/api/events\""}
{"level":"debug","time":1736264124,"message":"HTTP GET request: \"/api/events\""}
{"level":"debug","time":1736264162,"message":"HTTP GET request: \"/api/events\""}
{"level":"debug","time":1736264165,"message":"HTTP GET request: \"/api/events\""}
{"level":"debug","time":1736264204,"message":"HTTP GET request: \"/api/events\""}
{"level":"debug","time":1736264212,"message":"HTTP GET request: \"/api/events\""}
{"level":"debug","time":1736264299,"message":"HTTP GET request: \"/api/events\""}
{"level":"debug","time":1736264321,"message":"HTTP GET request: \"/api/events\""}
{"level":"debug","time":1736264349,"message":"HTTP GET request: \"/api/events\""}
